2022-07-18 17:16:59.410  INFO 5167 --- [main] com.example.springboot.Application       : Starting Application using Java 15.0.1 on bogon with PID 5167 (/Users/chris/Desktop/proj/SpringBoot/target/classes started by chris in /Users/chris/Desktop/proj/SpringBoot)
2022-07-18 17:16:59.413  INFO 5167 --- [main] com.example.springboot.Application       : The following 1 profile is active: "dev"
2022-07-18 17:17:00.497  INFO 5167 --- [main] o.s.b.w.embedded.tomcat.TomcatWebServer  : Tomcat initialized with port(s): 80 (http)
2022-07-18 17:17:00.507  INFO 5167 --- [main] o.apache.catalina.core.StandardService   : Starting service [Tomcat]
2022-07-18 17:17:00.507  INFO 5167 --- [main] org.apache.catalina.core.StandardEngine  : Starting Servlet engine: [Apache Tomcat/9.0.64]
2022-07-18 17:17:00.596  INFO 5167 --- [main] o.a.c.c.C.[Tomcat].[localhost].[/]       : Initializing Spring embedded WebApplicationContext
2022-07-18 17:17:00.596  INFO 5167 --- [main] w.s.c.ServletWebServerApplicationContext : Root WebApplicationContext: initialization completed in 1139 ms
2022-07-18 17:17:00.895  INFO 5167 --- [main] o.s.b.a.w.s.WelcomePageHandlerMapping    : Adding welcome page template: index
2022-07-18 17:17:01.118  INFO 5167 --- [main] o.s.s.web.DefaultSecurityFilterChain     : Will secure any request with [org.springframework.security.web.session.DisableEncodeUrlFilter@2be818da, org.springframework.security.web.context.request.async.WebAsyncManagerIntegrationFilter@46320c9a, org.springframework.security.web.context.SecurityContextPersistenceFilter@172f4514, org.springframework.security.web.header.HeaderWriterFilter@72028a45, org.springframework.security.web.csrf.CsrfFilter@2a140ce5, org.springframework.security.web.authentication.logout.LogoutFilter@1320e68a, org.springframework.security.web.authentication.UsernamePasswordAuthenticationFilter@52d0f583, org.springframework.security.web.savedrequest.RequestCacheAwareFilter@13d019a4, org.springframework.security.web.servletapi.SecurityContextHolderAwareRequestFilter@5f9f3e58, org.springframework.security.web.authentication.rememberme.RememberMeAuthenticationFilter@12d40609, org.springframework.security.web.authentication.AnonymousAuthenticationFilter@32256e68, org.springframework.security.web.session.SessionManagementFilter@7b222230, org.springframework.security.web.access.ExceptionTranslationFilter@1578b8ec, org.springframework.security.web.access.intercept.AuthorizationFilter@8fd91d1]
2022-07-18 17:17:01.185  INFO 5167 --- [main] o.s.b.w.embedded.tomcat.TomcatWebServer  : Tomcat started on port(s): 80 (http) with context path ''
2022-07-18 17:17:01.198  INFO 5167 --- [main] com.example.springboot.Application       : Started Application in 2.258 seconds (JVM running for 2.954)
2022-07-18 17:22:14.148  INFO 5215 --- [main] com.example.springboot.Application       : Starting Application using Java 15.0.1 on bogon with PID 5215 (/Users/chris/Desktop/proj/SpringBoot/target/classes started by chris in /Users/chris/Desktop/proj/SpringBoot)
2022-07-18 17:22:14.151  INFO 5215 --- [main] com.example.springboot.Application       : The following 1 profile is active: "dev"
2022-07-18 17:22:15.184  INFO 5215 --- [main] o.s.b.w.embedded.tomcat.TomcatWebServer  : Tomcat initialized with port(s): 80 (http)
2022-07-18 17:22:15.193  INFO 5215 --- [main] o.apache.catalina.core.StandardService   : Starting service [Tomcat]
2022-07-18 17:22:15.194  INFO 5215 --- [main] org.apache.catalina.core.StandardEngine  : Starting Servlet engine: [Apache Tomcat/9.0.64]
2022-07-18 17:22:15.295  INFO 5215 --- [main] o.a.c.c.C.[Tomcat].[localhost].[/]       : Initializing Spring embedded WebApplicationContext
2022-07-18 17:22:15.295  INFO 5215 --- [main] w.s.c.ServletWebServerApplicationContext : Root WebApplicationContext: initialization completed in 1099 ms
2022-07-18 17:22:15.648  INFO 5215 --- [main] o.s.b.a.w.s.WelcomePageHandlerMapping    : Adding welcome page template: index
2022-07-18 17:22:15.906  INFO 5215 --- [main] o.s.s.web.DefaultSecurityFilterChain     : Will secure any request with [org.springframework.security.web.session.DisableEncodeUrlFilter@46320c9a, org.springframework.security.web.context.request.async.WebAsyncManagerIntegrationFilter@32256e68, org.springframework.security.web.context.SecurityContextPersistenceFilter@7df6d663, org.springframework.security.web.header.HeaderWriterFilter@74667e6a, org.springframework.security.web.csrf.CsrfFilter@1f71194d, org.springframework.security.web.authentication.logout.LogoutFilter@4b033eac, org.springframework.security.web.authentication.UsernamePasswordAuthenticationFilter@7fb8bad0, org.springframework.security.web.savedrequest.RequestCacheAwareFilter@2c30c81d, org.springframework.security.web.servletapi.SecurityContextHolderAwareRequestFilter@3c19592c, org.springframework.security.web.authentication.rememberme.RememberMeAuthenticationFilter@76437e9b, org.springframework.security.web.authentication.AnonymousAuthenticationFilter@5e7abaf7, org.springframework.security.web.session.SessionManagementFilter@364b1061, org.springframework.security.web.access.ExceptionTranslationFilter@f613067, org.springframework.security.web.access.intercept.AuthorizationFilter@52d0f583]
2022-07-18 17:22:15.975  INFO 5215 --- [main] o.s.b.w.embedded.tomcat.TomcatWebServer  : Tomcat started on port(s): 80 (http) with context path ''
2022-07-18 17:22:15.988  INFO 5215 --- [main] com.example.springboot.Application       : Started Application in 2.387 seconds (JVM running for 3.087)
2022-07-18 17:25:00.442  INFO 5245 --- [main] com.example.springboot.Application       : Starting Application using Java 15.0.1 on bogon with PID 5245 (/Users/chris/Desktop/proj/SpringBoot/target/classes started by chris in /Users/chris/Desktop/proj/SpringBoot)
2022-07-18 17:25:00.445  INFO 5245 --- [main] com.example.springboot.Application       : The following 1 profile is active: "dev"
2022-07-18 17:25:01.489  INFO 5245 --- [main] o.s.b.w.embedded.tomcat.TomcatWebServer  : Tomcat initialized with port(s): 80 (http)
2022-07-18 17:25:01.497  INFO 5245 --- [main] o.apache.catalina.core.StandardService   : Starting service [Tomcat]
2022-07-18 17:25:01.497  INFO 5245 --- [main] org.apache.catalina.core.StandardEngine  : Starting Servlet engine: [Apache Tomcat/9.0.64]
2022-07-18 17:25:01.596  INFO 5245 --- [main] o.a.c.c.C.[Tomcat].[localhost].[/]       : Initializing Spring embedded WebApplicationContext
2022-07-18 17:25:01.597  INFO 5245 --- [main] w.s.c.ServletWebServerApplicationContext : Root WebApplicationContext: initialization completed in 1102 ms
2022-07-18 17:25:01.897  INFO 5245 --- [main] o.s.b.a.w.s.WelcomePageHandlerMapping    : Adding welcome page template: index
2022-07-18 17:25:02.120  INFO 5245 --- [main] o.s.s.web.DefaultSecurityFilterChain     : Will secure any request with [org.springframework.security.web.session.DisableEncodeUrlFilter@443a53df, org.springframework.security.web.context.request.async.WebAsyncManagerIntegrationFilter@6c33da7a, org.springframework.security.web.context.SecurityContextPersistenceFilter@4315c28c, org.springframework.security.web.header.HeaderWriterFilter@4b033eac, org.springframework.security.web.csrf.CsrfFilter@41f3aaf1, org.springframework.security.web.authentication.logout.LogoutFilter@22d8f4ed, org.springframework.security.web.authentication.UsernamePasswordAuthenticationFilter@79ba0a6f, org.springframework.security.web.savedrequest.RequestCacheAwareFilter@52d0f583, org.springframework.security.web.servletapi.SecurityContextHolderAwareRequestFilter@353f472a, org.springframework.security.web.authentication.rememberme.RememberMeAuthenticationFilter@7f3fc42f, org.springframework.security.web.authentication.AnonymousAuthenticationFilter@69aabcb0, org.springframework.security.web.session.SessionManagementFilter@45a1d057, org.springframework.security.web.access.ExceptionTranslationFilter@59303963, org.springframework.security.web.access.intercept.AuthorizationFilter@267f9765]
2022-07-18 17:25:02.185  INFO 5245 --- [main] o.s.b.w.embedded.tomcat.TomcatWebServer  : Tomcat started on port(s): 80 (http) with context path ''
2022-07-18 17:25:02.198  INFO 5245 --- [main] com.example.springboot.Application       : Started Application in 2.197 seconds (JVM running for 2.788)
